# Active RecordのEXPLAINメソッド

## 概要
Active Recordの `explain` メソッドを使うと、データベースのクエリ実行計画を確認できます。これにより、クエリのパフォーマンスを分析し、最適化することが可能です。データベースの種類によって出力形式は異なります。

## EXPLAINの使い方

### 基本的な使い方
`explain` を使うと、どのようにデータが取得されるかを確認できます。

```ruby
Customer.where(id: 1).joins(:orders).explain
```

このクエリをMySQLやMariaDBで実行すると、次のような出力が得られます。

```
EXPLAIN SELECT `customers`.* FROM `customers` INNER JOIN `orders` ON `orders`.`customer_id` = `customers`.`id` WHERE `customers`.`id` = 1
```

PostgreSQLでは、異なるフォーマットで結果が表示されます。

```
Nested Loop  (cost=4.33..20.85 rows=4 width=164)
```

### eager loadingを使う場合
`includes` を使うと、内部で複数のクエリが実行されることがあります。

```ruby
Customer.where(id: 1).includes(:orders).explain
```

この場合、`customers` テーブルのデータ取得と `orders` テーブルのデータ取得が別々に実行されます。

## 詳細なEXPLAINオプション

### PostgreSQLの詳細分析
PostgreSQLでは、より詳細な情報を得るために `analyze` や `verbose` オプションを指定できます。

```ruby
Customer.where(id: 1).joins(:orders).explain(:analyze, :verbose)
```

これを実行すると、次のような詳細なクエリプランが表示されます。

```
Nested Loop  (cost=0.30..16.37 rows=1 width=24) (actual time=0.003..0.004 rows=0 loops=1)
```

### MySQL / MariaDBの詳細分析
MySQLやMariaDBでも、 `analyze` オプションを使って実行プランを確認できます。

```ruby
Customer.where(id: 1).joins(:orders).explain(:analyze)
```

出力例：

```
ANALYZE SELECT `shop_accounts`.* FROM `shop_accounts` INNER JOIN `customers` ON `customers`.`id` = `shop_accounts`.`customer_id` WHERE `shop_accounts`.`id` = 1
```

## まとめ
`explain` を活用すると、クエリがどのように実行されるかを把握でき、効率的なデータ取得のための最適化が可能になります。データベースごとに出力が異なるため、それぞれの環境に適した解析が重要です。

